2023-08-25T06:44:41+00:00 CRITICAL Cannot redeclare has_bought_item() (previously declared in /home/1076073.cloudwaysapps.com/utztkqraym/public_html/wp-includes/functions.php:8596) in /home/1076073.cloudwaysapps.com/utztkqraym/public_html/wp-content/themes/general-news/functions.php on line 54

2023-08-25T06:44:44+00:00 CRITICAL Cannot redeclare has_bought_item() (previously declared in /home/1076073.cloudwaysapps.com/utztkqraym/public_html/wp-includes/functions.php:8596) in /home/1076073.cloudwaysapps.com/utztkqraym/public_html/wp-content/themes/general-news/functions.php on line 54

2023-08-25T06:44:44+00:00 CRITICAL Cannot redeclare has_bought_item() (previously declared in /home/1076073.cloudwaysapps.com/utztkqraym/public_html/wp-includes/functions.php:8596) in /home/1076073.cloudwaysapps.com/utztkqraym/public_html/wp-content/themes/general-news/functions.php on line 54

2023-08-25T06:44:45+00:00 CRITICAL Cannot redeclare has_bought_item() (previously declared in /home/1076073.cloudwaysapps.com/utztkqraym/public_html/wp-includes/functions.php:8596) in /home/1076073.cloudwaysapps.com/utztkqraym/public_html/wp-content/themes/general-news/functions.php on line 54

2023-08-25T06:44:52+00:00 CRITICAL Cannot redeclare has_bought_item() (previously declared in /home/1076073.cloudwaysapps.com/utztkqraym/public_html/wp-includes/functions.php:8596) in /home/1076073.cloudwaysapps.com/utztkqraym/public_html/wp-content/themes/general-news/functions.php on line 54

2023-08-25T06:44:52+00:00 CRITICAL Cannot redeclare has_bought_item() (previously declared in /home/1076073.cloudwaysapps.com/utztkqraym/public_html/wp-includes/functions.php:8596) in /home/1076073.cloudwaysapps.com/utztkqraym/public_html/wp-content/themes/general-news/functions.php on line 54

2023-08-25T14:05:16+00:00 CRITICAL Uncaught ArgumentCountError: Too few arguments to function custom_add_to_cart_text(), 2 passed in /home/1076073.cloudwaysapps.com/utztkqraym/public_html/wp-includes/class-wp-hook.php on line 310 and exactly 3 expected in /home/1076073.cloudwaysapps.com/utztkqraym/public_html/wp-content/plugins/code-snippets/php/snippet-ops.php(575) : eval()'d code:4
Stack trace:
#0 /home/1076073.cloudwaysapps.com/utztkqraym/public_html/wp-includes/class-wp-hook.php(310): custom_add_to_cart_text()
#1 /home/1076073.cloudwaysapps.com/utztkqraym/public_html/wp-includes/plugin.php(205): WP_Hook->apply_filters()
#2 /home/1076073.cloudwaysapps.com/utztkqraym/public_html/wp-content/plugins/woocommerce/includes/class-wc-product-simple.php(62): apply_filters()
#3 /home/1076073.cloudwaysapps.com/utztkqraym/public_html/wp-content/plugins/woocommerce/templates/loop/add-to-cart.php(32): WC_Product_Simple->add_to_cart_text()
#4 /home/1076073.cloudwaysapps.com/utztkqraym/public_html/wp-content/plugins/woocommerce/includes/wc-core-functions.p in /home/1076073.cloudwaysapps.com/utztkqraym/public_html/wp-content/plugins/code-snippets/php/snippet-ops.php(575) : eval()'d code on line 4

2023-08-25T14:05:59+00:00 CRITICAL Uncaught ArgumentCountError: Too few arguments to function custom_add_to_cart_text(), 2 passed in /home/1076073.cloudwaysapps.com/utztkqraym/public_html/wp-includes/class-wp-hook.php on line 310 and exactly 3 expected in /home/1076073.cloudwaysapps.com/utztkqraym/public_html/wp-content/plugins/code-snippets/php/snippet-ops.php(575) : eval()'d code:4
Stack trace:
#0 /home/1076073.cloudwaysapps.com/utztkqraym/public_html/wp-includes/class-wp-hook.php(310): custom_add_to_cart_text()
#1 /home/1076073.cloudwaysapps.com/utztkqraym/public_html/wp-includes/plugin.php(205): WP_Hook->apply_filters()
#2 /home/1076073.cloudwaysapps.com/utztkqraym/public_html/wp-content/plugins/woocommerce/includes/abstracts/abstract-wc-product.php(1936): apply_filters()
#3 /home/1076073.cloudwaysapps.com/utztkqraym/public_html/wp-content/plugins/woocommerce/templates/single-product/add-to-cart/simple.php(49): WC_Product->single_add_to_cart_text()
#4 /home/1076073.cloudwaysapps.com/utztkqraym/public_html/wp-content/plugins/woocommerce/inc in /home/1076073.cloudwaysapps.com/utztkqraym/public_html/wp-content/plugins/code-snippets/php/snippet-ops.php(575) : eval()'d code on line 4

2023-08-25T14:06:00+00:00 CRITICAL Uncaught ArgumentCountError: Too few arguments to function custom_add_to_cart_text(), 2 passed in /home/1076073.cloudwaysapps.com/utztkqraym/public_html/wp-includes/class-wp-hook.php on line 310 and exactly 3 expected in /home/1076073.cloudwaysapps.com/utztkqraym/public_html/wp-content/plugins/code-snippets/php/snippet-ops.php(575) : eval()'d code:4
Stack trace:
#0 /home/1076073.cloudwaysapps.com/utztkqraym/public_html/wp-includes/class-wp-hook.php(310): custom_add_to_cart_text()
#1 /home/1076073.cloudwaysapps.com/utztkqraym/public_html/wp-includes/plugin.php(205): WP_Hook->apply_filters()
#2 /home/1076073.cloudwaysapps.com/utztkqraym/public_html/wp-content/plugins/woocommerce/includes/class-wc-product-simple.php(62): apply_filters()
#3 /home/1076073.cloudwaysapps.com/utztkqraym/public_html/wp-content/plugins/woocommerce/templates/loop/add-to-cart.php(32): WC_Product_Simple->add_to_cart_text()
#4 /home/1076073.cloudwaysapps.com/utztkqraym/public_html/wp-content/plugins/woocommerce/includes/wc-core-functions.p in /home/1076073.cloudwaysapps.com/utztkqraym/public_html/wp-content/plugins/code-snippets/php/snippet-ops.php(575) : eval()'d code on line 4

2023-08-25T14:06:05+00:00 CRITICAL Uncaught ArgumentCountError: Too few arguments to function custom_add_to_cart_text(), 2 passed in /home/1076073.cloudwaysapps.com/utztkqraym/public_html/wp-includes/class-wp-hook.php on line 310 and exactly 3 expected in /home/1076073.cloudwaysapps.com/utztkqraym/public_html/wp-content/plugins/code-snippets/php/snippet-ops.php(575) : eval()'d code:4
Stack trace:
#0 /home/1076073.cloudwaysapps.com/utztkqraym/public_html/wp-includes/class-wp-hook.php(310): custom_add_to_cart_text()
#1 /home/1076073.cloudwaysapps.com/utztkqraym/public_html/wp-includes/plugin.php(205): WP_Hook->apply_filters()
#2 /home/1076073.cloudwaysapps.com/utztkqraym/public_html/wp-content/plugins/woocommerce/includes/class-wc-product-simple.php(62): apply_filters()
#3 /home/1076073.cloudwaysapps.com/utztkqraym/public_html/wp-content/plugins/woocommerce/templates/loop/add-to-cart.php(32): WC_Product_Simple->add_to_cart_text()
#4 /home/1076073.cloudwaysapps.com/utztkqraym/public_html/wp-content/plugins/woocommerce/includes/wc-core-functions.p in /home/1076073.cloudwaysapps.com/utztkqraym/public_html/wp-content/plugins/code-snippets/php/snippet-ops.php(575) : eval()'d code on line 4

2023-08-25T14:06:51+00:00 CRITICAL Uncaught ArgumentCountError: Too few arguments to function custom_add_to_cart_text(), 2 passed in /home/1076073.cloudwaysapps.com/utztkqraym/public_html/wp-includes/class-wp-hook.php on line 310 and exactly 3 expected in /home/1076073.cloudwaysapps.com/utztkqraym/public_html/wp-content/plugins/code-snippets/php/snippet-ops.php(575) : eval()'d code:4
Stack trace:
#0 /home/1076073.cloudwaysapps.com/utztkqraym/public_html/wp-includes/class-wp-hook.php(310): custom_add_to_cart_text()
#1 /home/1076073.cloudwaysapps.com/utztkqraym/public_html/wp-includes/plugin.php(205): WP_Hook->apply_filters()
#2 /home/1076073.cloudwaysapps.com/utztkqraym/public_html/wp-content/plugins/woocommerce/includes/class-wc-product-simple.php(62): apply_filters()
#3 /home/1076073.cloudwaysapps.com/utztkqraym/public_html/wp-content/plugins/woocommerce/templates/loop/add-to-cart.php(32): WC_Product_Simple->add_to_cart_text()
#4 /home/1076073.cloudwaysapps.com/utztkqraym/public_html/wp-content/plugins/woocommerce/includes/wc-core-functions.p in /home/1076073.cloudwaysapps.com/utztkqraym/public_html/wp-content/plugins/code-snippets/php/snippet-ops.php(575) : eval()'d code on line 4

2023-08-25T14:07:35+00:00 CRITICAL Uncaught ArgumentCountError: Too few arguments to function custom_add_to_cart_text(), 2 passed in /home/1076073.cloudwaysapps.com/utztkqraym/public_html/wp-includes/class-wp-hook.php on line 310 and exactly 3 expected in /home/1076073.cloudwaysapps.com/utztkqraym/public_html/wp-content/plugins/code-snippets/php/snippet-ops.php(575) : eval()'d code:4
Stack trace:
#0 /home/1076073.cloudwaysapps.com/utztkqraym/public_html/wp-includes/class-wp-hook.php(310): custom_add_to_cart_text()
#1 /home/1076073.cloudwaysapps.com/utztkqraym/public_html/wp-includes/plugin.php(205): WP_Hook->apply_filters()
#2 /home/1076073.cloudwaysapps.com/utztkqraym/public_html/wp-content/plugins/woocommerce/includes/class-wc-product-simple.php(62): apply_filters()
#3 /home/1076073.cloudwaysapps.com/utztkqraym/public_html/wp-content/plugins/woocommerce/templates/loop/add-to-cart.php(32): WC_Product_Simple->add_to_cart_text()
#4 /home/1076073.cloudwaysapps.com/utztkqraym/public_html/wp-content/plugins/woocommerce/includes/wc-core-functions.p in /home/1076073.cloudwaysapps.com/utztkqraym/public_html/wp-content/plugins/code-snippets/php/snippet-ops.php(575) : eval()'d code on line 4

2023-08-25T20:09:00+00:00 CRITICAL Uncaught Error: Call to a member function get_id() on null in /home/1076073.cloudwaysapps.com/utztkqraym/public_html/wp-content/plugins/code-snippets/php/snippet-ops.php(575) : eval()'d code:23
Stack trace:
#0 /home/1076073.cloudwaysapps.com/utztkqraym/public_html/wp-includes/class-wp-hook.php(310): custom_change_product_links()
#1 /home/1076073.cloudwaysapps.com/utztkqraym/public_html/wp-includes/class-wp-hook.php(334): WP_Hook->apply_filters()
#2 /home/1076073.cloudwaysapps.com/utztkqraym/public_html/wp-includes/plugin.php(517): WP_Hook->do_action()
#3 /home/1076073.cloudwaysapps.com/utztkqraym/public_html/wp-includes/general-template.php(3069): do_action()
#4 /home/1076073.cloudwaysapps.com/utztkqraym/public_html/wp-content/themes/morenews/footer.php(160): wp_footer()
#5 /home/1076073.cloudwaysapps.com/utztkqraym/public_html/wp-includes/template.php(785): require_once('/home/1076073.c...')
#6 /home/1076073.cloudwaysapps.com/utztkqraym/public_html/wp-includes/template.php(720): load_template()
#7 /home/1076 in /home/1076073.cloudwaysapps.com/utztkqraym/public_html/wp-content/plugins/code-snippets/php/snippet-ops.php(575) : eval()'d code on line 23

2023-08-25T20:09:17+00:00 CRITICAL Uncaught Error: Call to a member function get_id() on null in /home/1076073.cloudwaysapps.com/utztkqraym/public_html/wp-content/plugins/code-snippets/php/snippet-ops.php(575) : eval()'d code:23
Stack trace:
#0 /home/1076073.cloudwaysapps.com/utztkqraym/public_html/wp-includes/class-wp-hook.php(310): custom_change_product_links()
#1 /home/1076073.cloudwaysapps.com/utztkqraym/public_html/wp-includes/class-wp-hook.php(334): WP_Hook->apply_filters()
#2 /home/1076073.cloudwaysapps.com/utztkqraym/public_html/wp-includes/plugin.php(517): WP_Hook->do_action()
#3 /home/1076073.cloudwaysapps.com/utztkqraym/public_html/wp-includes/general-template.php(3069): do_action()
#4 /home/1076073.cloudwaysapps.com/utztkqraym/public_html/wp-content/themes/morenews/footer.php(160): wp_footer()
#5 /home/1076073.cloudwaysapps.com/utztkqraym/public_html/wp-includes/template.php(785): require_once('/home/1076073.c...')
#6 /home/1076073.cloudwaysapps.com/utztkqraym/public_html/wp-includes/template.php(720): load_template()
#7 /home/1076 in /home/1076073.cloudwaysapps.com/utztkqraym/public_html/wp-content/plugins/code-snippets/php/snippet-ops.php(575) : eval()'d code on line 23

2023-08-25T20:10:09+00:00 CRITICAL Uncaught Error: Call to a member function get_id() on null in /home/1076073.cloudwaysapps.com/utztkqraym/public_html/wp-content/plugins/code-snippets/php/snippet-ops.php(575) : eval()'d code:23
Stack trace:
#0 /home/1076073.cloudwaysapps.com/utztkqraym/public_html/wp-includes/class-wp-hook.php(310): custom_change_product_links()
#1 /home/1076073.cloudwaysapps.com/utztkqraym/public_html/wp-includes/class-wp-hook.php(334): WP_Hook->apply_filters()
#2 /home/1076073.cloudwaysapps.com/utztkqraym/public_html/wp-includes/plugin.php(517): WP_Hook->do_action()
#3 /home/1076073.cloudwaysapps.com/utztkqraym/public_html/wp-includes/general-template.php(3069): do_action()
#4 /home/1076073.cloudwaysapps.com/utztkqraym/public_html/wp-content/themes/morenews/footer.php(160): wp_footer()
#5 /home/1076073.cloudwaysapps.com/utztkqraym/public_html/wp-includes/template.php(785): require_once('/home/1076073.c...')
#6 /home/1076073.cloudwaysapps.com/utztkqraym/public_html/wp-includes/template.php(720): load_template()
#7 /home/1076 in /home/1076073.cloudwaysapps.com/utztkqraym/public_html/wp-content/plugins/code-snippets/php/snippet-ops.php(575) : eval()'d code on line 23

